{"/Users/gokul/Desktop/online-grocery/online-grocery/backend/app.js": {"path":"/Users/gokul/Desktop/online-grocery/online-grocery/backend/app.js","statementMap":{"0":{"start":{"line":1,"column":0},"end":{"line":1,"column":27}},"1":{"start":{"line":2,"column":16},"end":{"line":2,"column":34}},"2":{"start":{"line":3,"column":18},"end":{"line":3,"column":40}},"3":{"start":{"line":4,"column":13},"end":{"line":4,"column":28}},"4":{"start":{"line":5,"column":17},"end":{"line":5,"column":36}},"5":{"start":{"line":7,"column":12},"end":{"line":7,"column":21}},"6":{"start":{"line":10,"column":23},"end":{"line":13,"column":2}},"7":{"start":{"line":14,"column":0},"end":{"line":25,"column":4}},"8":{"start":{"line":16,"column":4},"end":{"line":16,"column":39}},"9":{"start":{"line":16,"column":17},"end":{"line":16,"column":39}},"10":{"start":{"line":17,"column":4},"end":{"line":17,"column":58}},"11":{"start":{"line":17,"column":36},"end":{"line":17,"column":58}},"12":{"start":{"line":18,"column":4},"end":{"line":18,"column":26}},"13":{"start":{"line":26,"column":0},"end":{"line":26,"column":24}},"14":{"start":{"line":29,"column":0},"end":{"line":36,"column":3}},"15":{"start":{"line":30,"column":2},"end":{"line":34,"column":12}},"16":{"start":{"line":31,"column":19},"end":{"line":31,"column":45}},"17":{"start":{"line":32,"column":20},"end":{"line":32,"column":47}},"18":{"start":{"line":33,"column":4},"end":{"line":33,"column":94}},"19":{"start":{"line":35,"column":2},"end":{"line":35,"column":9}},"20":{"start":{"line":39,"column":0},"end":{"line":39,"column":58}},"21":{"start":{"line":39,"column":27},"end":{"line":39,"column":56}},"22":{"start":{"line":42,"column":0},"end":{"line":42,"column":53}},"23":{"start":{"line":44,"column":0},"end":{"line":44,"column":60}},"24":{"start":{"line":45,"column":0},"end":{"line":45,"column":56}},"25":{"start":{"line":46,"column":0},"end":{"line":46,"column":56}},"26":{"start":{"line":47,"column":0},"end":{"line":47,"column":54}},"27":{"start":{"line":50,"column":0},"end":{"line":59,"column":3}},"28":{"start":{"line":51,"column":16},"end":{"line":51,"column":46}},"29":{"start":{"line":52,"column":15},"end":{"line":52,"column":34}},"30":{"start":{"line":53,"column":15},"end":{"line":57,"column":3}},"31":{"start":{"line":58,"column":2},"end":{"line":58,"column":34}},"32":{"start":{"line":62,"column":0},"end":{"line":64,"column":3}},"33":{"start":{"line":63,"column":2},"end":{"line":63,"column":51}},"34":{"start":{"line":66,"column":0},"end":{"line":66,"column":21}}},"fnMap":{"0":{"name":"(anonymous_0)","decl":{"start":{"line":15,"column":10},"end":{"line":15,"column":11}},"loc":{"start":{"line":15,"column":26},"end":{"line":19,"column":3}},"line":15},"1":{"name":"(anonymous_1)","decl":{"start":{"line":29,"column":8},"end":{"line":29,"column":9}},"loc":{"start":{"line":29,"column":28},"end":{"line":36,"column":1}},"line":29},"2":{"name":"(anonymous_2)","decl":{"start":{"line":39,"column":13},"end":{"line":39,"column":14}},"loc":{"start":{"line":39,"column":27},"end":{"line":39,"column":56}},"line":39},"3":{"name":"(anonymous_3)","decl":{"start":{"line":50,"column":23},"end":{"line":50,"column":24}},"loc":{"start":{"line":50,"column":37},"end":{"line":59,"column":1}},"line":50},"4":{"name":"(anonymous_4)","decl":{"start":{"line":62,"column":8},"end":{"line":62,"column":9}},"loc":{"start":{"line":62,"column":22},"end":{"line":64,"column":1}},"line":62}},"branchMap":{"0":{"loc":{"start":{"line":16,"column":4},"end":{"line":16,"column":39}},"type":"if","locations":[{"start":{"line":16,"column":4},"end":{"line":16,"column":39}},{"start":{},"end":{}}],"line":16},"1":{"loc":{"start":{"line":17,"column":4},"end":{"line":17,"column":58}},"type":"if","locations":[{"start":{"line":17,"column":4},"end":{"line":17,"column":58}},{"start":{},"end":{}}],"line":17},"2":{"loc":{"start":{"line":31,"column":19},"end":{"line":31,"column":45}},"type":"binary-expr","locations":[{"start":{"line":31,"column":19},"end":{"line":31,"column":37}},{"start":{"line":31,"column":41},"end":{"line":31,"column":45}}],"line":31},"3":{"loc":{"start":{"line":32,"column":20},"end":{"line":32,"column":47}},"type":"binary-expr","locations":[{"start":{"line":32,"column":20},"end":{"line":32,"column":39}},{"start":{"line":32,"column":43},"end":{"line":32,"column":47}}],"line":32},"4":{"loc":{"start":{"line":55,"column":12},"end":{"line":55,"column":30}},"type":"binary-expr","locations":[{"start":{"line":55,"column":12},"end":{"line":55,"column":22}},{"start":{"line":55,"column":26},"end":{"line":55,"column":30}}],"line":55},"5":{"loc":{"start":{"line":56,"column":10},"end":{"line":56,"column":28}},"type":"binary-expr","locations":[{"start":{"line":56,"column":10},"end":{"line":56,"column":20}},{"start":{"line":56,"column":24},"end":{"line":56,"column":28}}],"line":56}},"s":{"0":2,"1":2,"2":2,"3":2,"4":2,"5":2,"6":2,"7":2,"8":6,"9":6,"10":0,"11":0,"12":0,"13":2,"14":2,"15":6,"16":6,"17":6,"18":6,"19":6,"20":2,"21":0,"22":2,"23":2,"24":2,"25":2,"26":2,"27":2,"28":0,"29":0,"30":0,"31":0,"32":2,"33":0,"34":2},"f":{"0":6,"1":6,"2":0,"3":0,"4":0},"b":{"0":[6,0],"1":[0,0],"2":[6,6],"3":[6,6],"4":[0,0],"5":[0,0]},"_coverageSchema":"1a1c01bbd47fc00a2c39e90264f33305004495a9","hash":"4e0d5b3df06cf19a09f06c30a1fbad734594353b"}
,"/Users/gokul/Desktop/online-grocery/online-grocery/backend/config/db.js": {"path":"/Users/gokul/Desktop/online-grocery/online-grocery/backend/config/db.js","statementMap":{"0":{"start":{"line":1,"column":17},"end":{"line":1,"column":36}},"1":{"start":{"line":3,"column":18},"end":{"line":11,"column":1}},"2":{"start":{"line":4,"column":2},"end":{"line":10,"column":3}},"3":{"start":{"line":5,"column":4},"end":{"line":5,"column":50}},"4":{"start":{"line":6,"column":4},"end":{"line":6,"column":39}},"5":{"start":{"line":8,"column":4},"end":{"line":8,"column":63}},"6":{"start":{"line":9,"column":4},"end":{"line":9,"column":20}},"7":{"start":{"line":13,"column":0},"end":{"line":13,"column":27}}},"fnMap":{"0":{"name":"(anonymous_0)","decl":{"start":{"line":3,"column":18},"end":{"line":3,"column":19}},"loc":{"start":{"line":3,"column":30},"end":{"line":11,"column":1}},"line":3}},"branchMap":{},"s":{"0":2,"1":2,"2":0,"3":0,"4":0,"5":0,"6":0,"7":2},"f":{"0":0},"b":{},"_coverageSchema":"1a1c01bbd47fc00a2c39e90264f33305004495a9","hash":"ec774ad1b81bd2607d5aa24070cb9af3c6fdeca6"}
,"/Users/gokul/Desktop/online-grocery/online-grocery/backend/controllers/agentController.js": {"path":"/Users/gokul/Desktop/online-grocery/online-grocery/backend/controllers/agentController.js","statementMap":{"0":{"start":{"line":1,"column":13},"end":{"line":1,"column":37}},"1":{"start":{"line":3,"column":0},"end":{"line":10,"column":2}},"2":{"start":{"line":4,"column":2},"end":{"line":9,"column":3}},"3":{"start":{"line":5,"column":19},"end":{"line":5,"column":77}},"4":{"start":{"line":6,"column":4},"end":{"line":6,"column":21}},"5":{"start":{"line":8,"column":4},"end":{"line":8,"column":50}}},"fnMap":{"0":{"name":"(anonymous_0)","decl":{"start":{"line":3,"column":21},"end":{"line":3,"column":22}},"loc":{"start":{"line":3,"column":41},"end":{"line":10,"column":1}},"line":3}},"branchMap":{},"s":{"0":3,"1":3,"2":1,"3":1,"4":1,"5":0},"f":{"0":1},"b":{},"_coverageSchema":"1a1c01bbd47fc00a2c39e90264f33305004495a9","hash":"89fdc413204ed1fe61291a246645b3eefc7676b2"}
,"/Users/gokul/Desktop/online-grocery/online-grocery/backend/controllers/authcontroller.js": {"path":"/Users/gokul/Desktop/online-grocery/online-grocery/backend/controllers/authcontroller.js","statementMap":{"0":{"start":{"line":1,"column":13},"end":{"line":1,"column":37}},"1":{"start":{"line":2,"column":12},"end":{"line":2,"column":35}},"2":{"start":{"line":5,"column":0},"end":{"line":20,"column":2}},"3":{"start":{"line":6,"column":42},"end":{"line":6,"column":50}},"4":{"start":{"line":8,"column":2},"end":{"line":19,"column":3}},"5":{"start":{"line":9,"column":25},"end":{"line":9,"column":54}},"6":{"start":{"line":10,"column":4},"end":{"line":10,"column":82}},"7":{"start":{"line":10,"column":22},"end":{"line":10,"column":82}},"8":{"start":{"line":12,"column":20},"end":{"line":12,"column":61}},"9":{"start":{"line":13,"column":4},"end":{"line":13,"column":25}},"10":{"start":{"line":15,"column":4},"end":{"line":15,"column":66}},"11":{"start":{"line":17,"column":4},"end":{"line":17,"column":23}},"12":{"start":{"line":18,"column":4},"end":{"line":18,"column":50}},"13":{"start":{"line":23,"column":0},"end":{"line":39,"column":2}},"14":{"start":{"line":24,"column":30},"end":{"line":24,"column":38}},"15":{"start":{"line":26,"column":2},"end":{"line":38,"column":3}},"16":{"start":{"line":27,"column":17},"end":{"line":27,"column":75}},"17":{"start":{"line":28,"column":4},"end":{"line":28,"column":75}},"18":{"start":{"line":28,"column":15},"end":{"line":28,"column":75}},"19":{"start":{"line":30,"column":20},"end":{"line":30,"column":54}},"20":{"start":{"line":31,"column":4},"end":{"line":31,"column":78}},"21":{"start":{"line":31,"column":18},"end":{"line":31,"column":78}},"22":{"start":{"line":33,"column":18},"end":{"line":33,"column":157}},"23":{"start":{"line":34,"column":4},"end":{"line":34,"column":83}},"24":{"start":{"line":36,"column":4},"end":{"line":36,"column":23}},"25":{"start":{"line":37,"column":4},"end":{"line":37,"column":50}}},"fnMap":{"0":{"name":"(anonymous_0)","decl":{"start":{"line":5,"column":23},"end":{"line":5,"column":24}},"loc":{"start":{"line":5,"column":43},"end":{"line":20,"column":1}},"line":5},"1":{"name":"(anonymous_1)","decl":{"start":{"line":23,"column":20},"end":{"line":23,"column":21}},"loc":{"start":{"line":23,"column":40},"end":{"line":39,"column":1}},"line":23}},"branchMap":{"0":{"loc":{"start":{"line":10,"column":4},"end":{"line":10,"column":82}},"type":"if","locations":[{"start":{"line":10,"column":4},"end":{"line":10,"column":82}},{"start":{},"end":{}}],"line":10},"1":{"loc":{"start":{"line":28,"column":4},"end":{"line":28,"column":75}},"type":"if","locations":[{"start":{"line":28,"column":4},"end":{"line":28,"column":75}},{"start":{},"end":{}}],"line":28},"2":{"loc":{"start":{"line":31,"column":4},"end":{"line":31,"column":78}},"type":"if","locations":[{"start":{"line":31,"column":4},"end":{"line":31,"column":78}},{"start":{},"end":{}}],"line":31},"3":{"loc":{"start":{"line":33,"column":98},"end":{"line":33,"column":135}},"type":"binary-expr","locations":[{"start":{"line":33,"column":98},"end":{"line":33,"column":120}},{"start":{"line":33,"column":124},"end":{"line":33,"column":135}}],"line":33}},"s":{"0":2,"1":2,"2":2,"3":1,"4":1,"5":1,"6":1,"7":0,"8":1,"9":1,"10":1,"11":0,"12":0,"13":2,"14":1,"15":1,"16":1,"17":1,"18":0,"19":1,"20":1,"21":0,"22":1,"23":1,"24":0,"25":0},"f":{"0":1,"1":1},"b":{"0":[0,1],"1":[0,1],"2":[0,1],"3":[1,0]},"_coverageSchema":"1a1c01bbd47fc00a2c39e90264f33305004495a9","hash":"f4954f9bc48dfbea3f0f49867fada7a205b5b23c"}
,"/Users/gokul/Desktop/online-grocery/online-grocery/backend/controllers/orderController.js": {"path":"/Users/gokul/Desktop/online-grocery/online-grocery/backend/controllers/orderController.js","statementMap":{"0":{"start":{"line":1,"column":14},"end":{"line":1,"column":39}},"1":{"start":{"line":3,"column":0},"end":{"line":10,"column":2}},"2":{"start":{"line":4,"column":2},"end":{"line":9,"column":3}},"3":{"start":{"line":5,"column":19},"end":{"line":5,"column":61}},"4":{"start":{"line":6,"column":4},"end":{"line":6,"column":21}},"5":{"start":{"line":8,"column":4},"end":{"line":8,"column":50}},"6":{"start":{"line":12,"column":0},"end":{"line":21,"column":2}},"7":{"start":{"line":13,"column":2},"end":{"line":20,"column":3}},"8":{"start":{"line":14,"column":67},"end":{"line":14,"column":75}},"9":{"start":{"line":15,"column":14},"end":{"line":15,"column":98}},"10":{"start":{"line":16,"column":4},"end":{"line":16,"column":19}},"11":{"start":{"line":17,"column":4},"end":{"line":17,"column":28}},"12":{"start":{"line":19,"column":4},"end":{"line":19,"column":50}},"13":{"start":{"line":23,"column":0},"end":{"line":33,"column":2}},"14":{"start":{"line":24,"column":2},"end":{"line":32,"column":3}},"15":{"start":{"line":25,"column":19},"end":{"line":25,"column":29}},"16":{"start":{"line":26,"column":23},"end":{"line":26,"column":31}},"17":{"start":{"line":27,"column":14},"end":{"line":27,"column":74}},"18":{"start":{"line":28,"column":4},"end":{"line":28,"column":62}},"19":{"start":{"line":28,"column":12},"end":{"line":28,"column":62}},"20":{"start":{"line":29,"column":4},"end":{"line":29,"column":16}},"21":{"start":{"line":31,"column":4},"end":{"line":31,"column":50}},"22":{"start":{"line":35,"column":0},"end":{"line":48,"column":2}},"23":{"start":{"line":36,"column":2},"end":{"line":47,"column":3}},"24":{"start":{"line":37,"column":19},"end":{"line":37,"column":29}},"25":{"start":{"line":38,"column":27},"end":{"line":38,"column":35}},"26":{"start":{"line":39,"column":14},"end":{"line":39,"column":38}},"27":{"start":{"line":40,"column":4},"end":{"line":40,"column":62}},"28":{"start":{"line":40,"column":12},"end":{"line":40,"column":62}},"29":{"start":{"line":41,"column":4},"end":{"line":41,"column":38}},"30":{"start":{"line":42,"column":4},"end":{"line":42,"column":64}},"31":{"start":{"line":42,"column":43},"end":{"line":42,"column":64}},"32":{"start":{"line":43,"column":4},"end":{"line":43,"column":19}},"33":{"start":{"line":44,"column":4},"end":{"line":44,"column":16}},"34":{"start":{"line":46,"column":4},"end":{"line":46,"column":50}}},"fnMap":{"0":{"name":"(anonymous_0)","decl":{"start":{"line":3,"column":21},"end":{"line":3,"column":22}},"loc":{"start":{"line":3,"column":41},"end":{"line":10,"column":1}},"line":3},"1":{"name":"(anonymous_1)","decl":{"start":{"line":12,"column":22},"end":{"line":12,"column":23}},"loc":{"start":{"line":12,"column":42},"end":{"line":21,"column":1}},"line":12},"2":{"name":"(anonymous_2)","decl":{"start":{"line":23,"column":28},"end":{"line":23,"column":29}},"loc":{"start":{"line":23,"column":48},"end":{"line":33,"column":1}},"line":23},"3":{"name":"(anonymous_3)","decl":{"start":{"line":35,"column":22},"end":{"line":35,"column":23}},"loc":{"start":{"line":35,"column":42},"end":{"line":48,"column":1}},"line":35}},"branchMap":{"0":{"loc":{"start":{"line":28,"column":4},"end":{"line":28,"column":62}},"type":"if","locations":[{"start":{"line":28,"column":4},"end":{"line":28,"column":62}},{"start":{},"end":{}}],"line":28},"1":{"loc":{"start":{"line":40,"column":4},"end":{"line":40,"column":62}},"type":"if","locations":[{"start":{"line":40,"column":4},"end":{"line":40,"column":62}},{"start":{},"end":{}}],"line":40},"2":{"loc":{"start":{"line":41,"column":19},"end":{"line":41,"column":37}},"type":"binary-expr","locations":[{"start":{"line":41,"column":19},"end":{"line":41,"column":29}},{"start":{"line":41,"column":33},"end":{"line":41,"column":37}}],"line":41},"3":{"loc":{"start":{"line":42,"column":4},"end":{"line":42,"column":64}},"type":"if","locations":[{"start":{"line":42,"column":4},"end":{"line":42,"column":64}},{"start":{},"end":{}}],"line":42},"4":{"loc":{"start":{"line":42,"column":8},"end":{"line":42,"column":41}},"type":"binary-expr","locations":[{"start":{"line":42,"column":8},"end":{"line":42,"column":27}},{"start":{"line":42,"column":31},"end":{"line":42,"column":41}}],"line":42}},"s":{"0":3,"1":3,"2":2,"3":2,"4":2,"5":0,"6":3,"7":1,"8":1,"9":1,"10":1,"11":1,"12":0,"13":3,"14":2,"15":2,"16":2,"17":2,"18":2,"19":1,"20":1,"21":0,"22":3,"23":0,"24":0,"25":0,"26":0,"27":0,"28":0,"29":0,"30":0,"31":0,"32":0,"33":0,"34":0},"f":{"0":2,"1":1,"2":2,"3":0},"b":{"0":[1,1],"1":[0,0],"2":[0,0],"3":[0,0],"4":[0,0]},"_coverageSchema":"1a1c01bbd47fc00a2c39e90264f33305004495a9","hash":"09d14c6f40d09b77c1225f4735d0f5d436cfc59a"}
,"/Users/gokul/Desktop/online-grocery/online-grocery/backend/controllers/productController.js": {"path":"/Users/gokul/Desktop/online-grocery/online-grocery/backend/controllers/productController.js","statementMap":{"0":{"start":{"line":1,"column":16},"end":{"line":1,"column":43}},"1":{"start":{"line":3,"column":0},"end":{"line":12,"column":2}},"2":{"start":{"line":4,"column":2},"end":{"line":11,"column":3}},"3":{"start":{"line":5,"column":21},"end":{"line":5,"column":65}},"4":{"start":{"line":6,"column":4},"end":{"line":6,"column":75}},"5":{"start":{"line":7,"column":4},"end":{"line":7,"column":23}},"6":{"start":{"line":9,"column":4},"end":{"line":9,"column":57}},"7":{"start":{"line":10,"column":4},"end":{"line":10,"column":70}},"8":{"start":{"line":14,"column":0},"end":{"line":26,"column":2}},"9":{"start":{"line":15,"column":2},"end":{"line":25,"column":3}},"10":{"start":{"line":16,"column":42},"end":{"line":16,"column":50}},"11":{"start":{"line":17,"column":4},"end":{"line":17,"column":51}},"12":{"start":{"line":18,"column":14},"end":{"line":18,"column":56}},"13":{"start":{"line":19,"column":4},"end":{"line":19,"column":19}},"14":{"start":{"line":20,"column":4},"end":{"line":20,"column":72}},"15":{"start":{"line":21,"column":4},"end":{"line":21,"column":28}},"16":{"start":{"line":23,"column":4},"end":{"line":23,"column":56}},"17":{"start":{"line":24,"column":4},"end":{"line":24,"column":70}},"18":{"start":{"line":28,"column":0},"end":{"line":44,"column":2}},"19":{"start":{"line":29,"column":2},"end":{"line":43,"column":3}},"20":{"start":{"line":30,"column":19},"end":{"line":30,"column":29}},"21":{"start":{"line":31,"column":42},"end":{"line":31,"column":50}},"22":{"start":{"line":32,"column":4},"end":{"line":32,"column":57}},"23":{"start":{"line":33,"column":14},"end":{"line":33,"column":95}},"24":{"start":{"line":34,"column":4},"end":{"line":37,"column":5}},"25":{"start":{"line":35,"column":6},"end":{"line":35,"column":60}},"26":{"start":{"line":36,"column":6},"end":{"line":36,"column":56}},"27":{"start":{"line":38,"column":4},"end":{"line":38,"column":65}},"28":{"start":{"line":39,"column":4},"end":{"line":39,"column":16}},"29":{"start":{"line":41,"column":4},"end":{"line":41,"column":56}},"30":{"start":{"line":42,"column":4},"end":{"line":42,"column":70}},"31":{"start":{"line":46,"column":0},"end":{"line":61,"column":2}},"32":{"start":{"line":47,"column":2},"end":{"line":60,"column":3}},"33":{"start":{"line":48,"column":19},"end":{"line":48,"column":29}},"34":{"start":{"line":49,"column":4},"end":{"line":49,"column":57}},"35":{"start":{"line":50,"column":14},"end":{"line":50,"column":49}},"36":{"start":{"line":51,"column":4},"end":{"line":54,"column":5}},"37":{"start":{"line":52,"column":6},"end":{"line":52,"column":60}},"38":{"start":{"line":53,"column":6},"end":{"line":53,"column":56}},"39":{"start":{"line":55,"column":4},"end":{"line":55,"column":65}},"40":{"start":{"line":56,"column":4},"end":{"line":56,"column":33}},"41":{"start":{"line":58,"column":4},"end":{"line":58,"column":56}},"42":{"start":{"line":59,"column":4},"end":{"line":59,"column":70}}},"fnMap":{"0":{"name":"(anonymous_0)","decl":{"start":{"line":3,"column":23},"end":{"line":3,"column":24}},"loc":{"start":{"line":3,"column":43},"end":{"line":12,"column":1}},"line":3},"1":{"name":"(anonymous_1)","decl":{"start":{"line":14,"column":24},"end":{"line":14,"column":25}},"loc":{"start":{"line":14,"column":44},"end":{"line":26,"column":1}},"line":14},"2":{"name":"(anonymous_2)","decl":{"start":{"line":28,"column":24},"end":{"line":28,"column":25}},"loc":{"start":{"line":28,"column":44},"end":{"line":44,"column":1}},"line":28},"3":{"name":"(anonymous_3)","decl":{"start":{"line":46,"column":24},"end":{"line":46,"column":25}},"loc":{"start":{"line":46,"column":44},"end":{"line":61,"column":1}},"line":46}},"branchMap":{"0":{"loc":{"start":{"line":34,"column":4},"end":{"line":37,"column":5}},"type":"if","locations":[{"start":{"line":34,"column":4},"end":{"line":37,"column":5}},{"start":{},"end":{}}],"line":34},"1":{"loc":{"start":{"line":51,"column":4},"end":{"line":54,"column":5}},"type":"if","locations":[{"start":{"line":51,"column":4},"end":{"line":54,"column":5}},{"start":{},"end":{}}],"line":51}},"s":{"0":3,"1":3,"2":1,"3":1,"4":1,"5":1,"6":0,"7":0,"8":3,"9":0,"10":0,"11":0,"12":0,"13":0,"14":0,"15":0,"16":0,"17":0,"18":3,"19":1,"20":1,"21":1,"22":1,"23":1,"24":1,"25":1,"26":1,"27":0,"28":0,"29":0,"30":0,"31":3,"32":0,"33":0,"34":0,"35":0,"36":0,"37":0,"38":0,"39":0,"40":0,"41":0,"42":0},"f":{"0":1,"1":0,"2":1,"3":0},"b":{"0":[1,0],"1":[0,0]},"_coverageSchema":"1a1c01bbd47fc00a2c39e90264f33305004495a9","hash":"320934b7345bccb91d138ff8a2fac38929cfff63"}
,"/Users/gokul/Desktop/online-grocery/online-grocery/backend/controllers/userController.js": {"path":"/Users/gokul/Desktop/online-grocery/online-grocery/backend/controllers/userController.js","statementMap":{"0":{"start":{"line":1,"column":13},"end":{"line":1,"column":37}},"1":{"start":{"line":3,"column":0},"end":{"line":10,"column":2}},"2":{"start":{"line":4,"column":2},"end":{"line":9,"column":3}},"3":{"start":{"line":5,"column":18},"end":{"line":5,"column":71}},"4":{"start":{"line":6,"column":4},"end":{"line":6,"column":20}},"5":{"start":{"line":8,"column":4},"end":{"line":8,"column":50}}},"fnMap":{"0":{"name":"(anonymous_0)","decl":{"start":{"line":3,"column":20},"end":{"line":3,"column":21}},"loc":{"start":{"line":3,"column":40},"end":{"line":10,"column":1}},"line":3}},"branchMap":{},"s":{"0":3,"1":3,"2":1,"3":1,"4":1,"5":0},"f":{"0":1},"b":{},"_coverageSchema":"1a1c01bbd47fc00a2c39e90264f33305004495a9","hash":"3fe87ad111cab887bf42885d1409425b30dc6bfc"}
,"/Users/gokul/Desktop/online-grocery/online-grocery/backend/middleware/auth.js": {"path":"/Users/gokul/Desktop/online-grocery/online-grocery/backend/middleware/auth.js","statementMap":{"0":{"start":{"line":1,"column":12},"end":{"line":1,"column":35}},"1":{"start":{"line":4,"column":2},"end":{"line":4,"column":46}},"2":{"start":{"line":4,"column":32},"end":{"line":4,"column":46}},"3":{"start":{"line":5,"column":21},"end":{"line":5,"column":52}},"4":{"start":{"line":6,"column":16},"end":{"line":6,"column":77}},"5":{"start":{"line":7,"column":2},"end":{"line":7,"column":63}},"6":{"start":{"line":7,"column":14},"end":{"line":7,"column":63}},"7":{"start":{"line":8,"column":2},"end":{"line":14,"column":3}},"8":{"start":{"line":9,"column":20},"end":{"line":9,"column":76}},"9":{"start":{"line":10,"column":4},"end":{"line":10,"column":23}},"10":{"start":{"line":11,"column":4},"end":{"line":11,"column":11}},"11":{"start":{"line":13,"column":4},"end":{"line":13,"column":58}},"12":{"start":{"line":18,"column":2},"end":{"line":23,"column":4}},"13":{"start":{"line":19,"column":4},"end":{"line":21,"column":5}},"14":{"start":{"line":20,"column":6},"end":{"line":20,"column":56}},"15":{"start":{"line":22,"column":4},"end":{"line":22,"column":11}},"16":{"start":{"line":26,"column":0},"end":{"line":26,"column":39}}},"fnMap":{"0":{"name":"auth","decl":{"start":{"line":3,"column":9},"end":{"line":3,"column":13}},"loc":{"start":{"line":3,"column":30},"end":{"line":15,"column":1}},"line":3},"1":{"name":"requireRole","decl":{"start":{"line":17,"column":9},"end":{"line":17,"column":20}},"loc":{"start":{"line":17,"column":31},"end":{"line":24,"column":1}},"line":17},"2":{"name":"(anonymous_2)","decl":{"start":{"line":18,"column":9},"end":{"line":18,"column":10}},"loc":{"start":{"line":18,"column":29},"end":{"line":23,"column":3}},"line":18}},"branchMap":{"0":{"loc":{"start":{"line":4,"column":2},"end":{"line":4,"column":46}},"type":"if","locations":[{"start":{"line":4,"column":2},"end":{"line":4,"column":46}},{"start":{},"end":{}}],"line":4},"1":{"loc":{"start":{"line":5,"column":21},"end":{"line":5,"column":52}},"type":"binary-expr","locations":[{"start":{"line":5,"column":21},"end":{"line":5,"column":46}},{"start":{"line":5,"column":50},"end":{"line":5,"column":52}}],"line":5},"2":{"loc":{"start":{"line":6,"column":16},"end":{"line":6,"column":77}},"type":"cond-expr","locations":[{"start":{"line":6,"column":51},"end":{"line":6,"column":70}},{"start":{"line":6,"column":73},"end":{"line":6,"column":77}}],"line":6},"3":{"loc":{"start":{"line":7,"column":2},"end":{"line":7,"column":63}},"type":"if","locations":[{"start":{"line":7,"column":2},"end":{"line":7,"column":63}},{"start":{},"end":{}}],"line":7},"4":{"loc":{"start":{"line":9,"column":38},"end":{"line":9,"column":75}},"type":"binary-expr","locations":[{"start":{"line":9,"column":38},"end":{"line":9,"column":60}},{"start":{"line":9,"column":64},"end":{"line":9,"column":75}}],"line":9},"5":{"loc":{"start":{"line":19,"column":4},"end":{"line":21,"column":5}},"type":"if","locations":[{"start":{"line":19,"column":4},"end":{"line":21,"column":5}},{"start":{},"end":{}}],"line":19},"6":{"loc":{"start":{"line":19,"column":8},"end":{"line":19,"column":51}},"type":"binary-expr","locations":[{"start":{"line":19,"column":8},"end":{"line":19,"column":17}},{"start":{"line":19,"column":21},"end":{"line":19,"column":51}}],"line":19}},"s":{"0":2,"1":3,"2":0,"3":3,"4":3,"5":3,"6":0,"7":3,"8":3,"9":3,"10":3,"11":0,"12":16,"13":3,"14":1,"15":2,"16":2},"f":{"0":3,"1":16,"2":3},"b":{"0":[0,3],"1":[3,0],"2":[3,0],"3":[0,3],"4":[3,0],"5":[1,2],"6":[3,3]},"_coverageSchema":"1a1c01bbd47fc00a2c39e90264f33305004495a9","hash":"9ab9d4ea8b2ef05ef5b3ed00435213e3ba1db4a8"}
,"/Users/gokul/Desktop/online-grocery/online-grocery/backend/model/order.js": {"path":"/Users/gokul/Desktop/online-grocery/online-grocery/backend/model/order.js","statementMap":{"0":{"start":{"line":1,"column":17},"end":{"line":1,"column":36}},"1":{"start":{"line":3,"column":24},"end":{"line":11,"column":1}},"2":{"start":{"line":13,"column":20},"end":{"line":24,"column":1}},"3":{"start":{"line":26,"column":0},"end":{"line":26,"column":54}}},"fnMap":{},"branchMap":{},"s":{"0":3,"1":3,"2":3,"3":3},"f":{},"b":{},"_coverageSchema":"1a1c01bbd47fc00a2c39e90264f33305004495a9","hash":"690ed642da9c2bdabfac17024a33b2c83b2ebcb7"}
,"/Users/gokul/Desktop/online-grocery/online-grocery/backend/model/product.js": {"path":"/Users/gokul/Desktop/online-grocery/online-grocery/backend/model/product.js","statementMap":{"0":{"start":{"line":1,"column":17},"end":{"line":1,"column":36}},"1":{"start":{"line":3,"column":22},"end":{"line":11,"column":1}},"2":{"start":{"line":13,"column":0},"end":{"line":13,"column":58}}},"fnMap":{},"branchMap":{},"s":{"0":3,"1":3,"2":3},"f":{},"b":{},"_coverageSchema":"1a1c01bbd47fc00a2c39e90264f33305004495a9","hash":"d286f6d388eaa313481f4ca640df9c37492f0ead"}
,"/Users/gokul/Desktop/online-grocery/online-grocery/backend/model/user.js": {"path":"/Users/gokul/Desktop/online-grocery/online-grocery/backend/model/user.js","statementMap":{"0":{"start":{"line":1,"column":17},"end":{"line":1,"column":36}},"1":{"start":{"line":2,"column":15},"end":{"line":2,"column":34}},"2":{"start":{"line":4,"column":19},"end":{"line":30,"column":1}},"3":{"start":{"line":33,"column":0},"end":{"line":42,"column":3}},"4":{"start":{"line":34,"column":2},"end":{"line":34,"column":50}},"5":{"start":{"line":34,"column":36},"end":{"line":34,"column":50}},"6":{"start":{"line":35,"column":2},"end":{"line":41,"column":3}},"7":{"start":{"line":36,"column":17},"end":{"line":36,"column":41}},"8":{"start":{"line":37,"column":4},"end":{"line":37,"column":59}},"9":{"start":{"line":38,"column":4},"end":{"line":38,"column":11}},"10":{"start":{"line":40,"column":4},"end":{"line":40,"column":14}},"11":{"start":{"line":45,"column":0},"end":{"line":47,"column":2}},"12":{"start":{"line":46,"column":2},"end":{"line":46,"column":56}},"13":{"start":{"line":49,"column":0},"end":{"line":49,"column":52}}},"fnMap":{"0":{"name":"(anonymous_0)","decl":{"start":{"line":33,"column":23},"end":{"line":33,"column":24}},"loc":{"start":{"line":33,"column":45},"end":{"line":42,"column":1}},"line":33},"1":{"name":"(anonymous_1)","decl":{"start":{"line":45,"column":35},"end":{"line":45,"column":36}},"loc":{"start":{"line":45,"column":68},"end":{"line":47,"column":1}},"line":45}},"branchMap":{"0":{"loc":{"start":{"line":34,"column":2},"end":{"line":34,"column":50}},"type":"if","locations":[{"start":{"line":34,"column":2},"end":{"line":34,"column":50}},{"start":{},"end":{}}],"line":34}},"s":{"0":3,"1":3,"2":3,"3":3,"4":5,"5":1,"6":4,"7":4,"8":4,"9":4,"10":0,"11":3,"12":1,"13":3},"f":{"0":5,"1":1},"b":{"0":[1,4]},"_coverageSchema":"1a1c01bbd47fc00a2c39e90264f33305004495a9","hash":"a8b5ca57de8327dd57b331466076ed3056d3bc99"}
,"/Users/gokul/Desktop/online-grocery/online-grocery/backend/routes/agentRoutes.js": {"path":"/Users/gokul/Desktop/online-grocery/online-grocery/backend/routes/agentRoutes.js","statementMap":{"0":{"start":{"line":1,"column":16},"end":{"line":1,"column":34}},"1":{"start":{"line":2,"column":15},"end":{"line":2,"column":31}},"2":{"start":{"line":3,"column":13},"end":{"line":3,"column":54}},"3":{"start":{"line":4,"column":30},"end":{"line":4,"column":59}},"4":{"start":{"line":6,"column":0},"end":{"line":6,"column":61}},"5":{"start":{"line":8,"column":0},"end":{"line":8,"column":24}}},"fnMap":{},"branchMap":{},"s":{"0":2,"1":2,"2":2,"3":2,"4":2,"5":2},"f":{},"b":{},"_coverageSchema":"1a1c01bbd47fc00a2c39e90264f33305004495a9","hash":"91810702bb736b2e52e9985a0be433f351db8031"}
,"/Users/gokul/Desktop/online-grocery/online-grocery/backend/routes/authRoutes.js": {"path":"/Users/gokul/Desktop/online-grocery/online-grocery/backend/routes/authRoutes.js","statementMap":{"0":{"start":{"line":1,"column":16},"end":{"line":1,"column":34}},"1":{"start":{"line":2,"column":15},"end":{"line":2,"column":31}},"2":{"start":{"line":3,"column":36},"end":{"line":3,"column":76}},"3":{"start":{"line":5,"column":0},"end":{"line":5,"column":39}},"4":{"start":{"line":6,"column":0},"end":{"line":6,"column":33}},"5":{"start":{"line":8,"column":0},"end":{"line":8,"column":24}}},"fnMap":{},"branchMap":{},"s":{"0":2,"1":2,"2":2,"3":2,"4":2,"5":2},"f":{},"b":{},"_coverageSchema":"1a1c01bbd47fc00a2c39e90264f33305004495a9","hash":"891fc347f6d0b1ef83ae6b961128d1559a7200c2"}
,"/Users/gokul/Desktop/online-grocery/online-grocery/backend/routes/orderRoutes.js": {"path":"/Users/gokul/Desktop/online-grocery/online-grocery/backend/routes/orderRoutes.js","statementMap":{"0":{"start":{"line":1,"column":16},"end":{"line":1,"column":34}},"1":{"start":{"line":2,"column":15},"end":{"line":2,"column":31}},"2":{"start":{"line":3,"column":13},"end":{"line":3,"column":54}},"3":{"start":{"line":4,"column":30},"end":{"line":4,"column":59}},"4":{"start":{"line":6,"column":0},"end":{"line":6,"column":73}},"5":{"start":{"line":7,"column":0},"end":{"line":7,"column":35}},"6":{"start":{"line":8,"column":0},"end":{"line":8,"column":92}},"7":{"start":{"line":9,"column":0},"end":{"line":9,"column":74}},"8":{"start":{"line":11,"column":0},"end":{"line":11,"column":24}}},"fnMap":{},"branchMap":{},"s":{"0":2,"1":2,"2":2,"3":2,"4":2,"5":2,"6":2,"7":2,"8":2},"f":{},"b":{},"_coverageSchema":"1a1c01bbd47fc00a2c39e90264f33305004495a9","hash":"d055449c201d35b007b5b75f4acb20bc266198a3"}
,"/Users/gokul/Desktop/online-grocery/online-grocery/backend/routes/productRoutes.js": {"path":"/Users/gokul/Desktop/online-grocery/online-grocery/backend/routes/productRoutes.js","statementMap":{"0":{"start":{"line":1,"column":16},"end":{"line":1,"column":34}},"1":{"start":{"line":2,"column":15},"end":{"line":2,"column":31}},"2":{"start":{"line":3,"column":13},"end":{"line":3,"column":56}},"3":{"start":{"line":4,"column":30},"end":{"line":4,"column":59}},"4":{"start":{"line":6,"column":0},"end":{"line":6,"column":35}},"5":{"start":{"line":7,"column":0},"end":{"line":7,"column":65}},"6":{"start":{"line":8,"column":0},"end":{"line":8,"column":67}},"7":{"start":{"line":9,"column":0},"end":{"line":9,"column":70}},"8":{"start":{"line":11,"column":0},"end":{"line":11,"column":24}}},"fnMap":{},"branchMap":{},"s":{"0":2,"1":2,"2":2,"3":2,"4":2,"5":2,"6":2,"7":2,"8":2},"f":{},"b":{},"_coverageSchema":"1a1c01bbd47fc00a2c39e90264f33305004495a9","hash":"a16ce848683b54bca3591763663a2ba0f8aafc66"}
,"/Users/gokul/Desktop/online-grocery/online-grocery/backend/routes/userRoutes.js": {"path":"/Users/gokul/Desktop/online-grocery/online-grocery/backend/routes/userRoutes.js","statementMap":{"0":{"start":{"line":1,"column":16},"end":{"line":1,"column":34}},"1":{"start":{"line":2,"column":15},"end":{"line":2,"column":31}},"2":{"start":{"line":3,"column":13},"end":{"line":3,"column":53}},"3":{"start":{"line":4,"column":30},"end":{"line":4,"column":59}},"4":{"start":{"line":6,"column":0},"end":{"line":6,"column":60}},"5":{"start":{"line":8,"column":0},"end":{"line":8,"column":24}}},"fnMap":{},"branchMap":{},"s":{"0":2,"1":2,"2":2,"3":2,"4":2,"5":2},"f":{},"b":{},"_coverageSchema":"1a1c01bbd47fc00a2c39e90264f33305004495a9","hash":"c2868e89784797610b802074a4c4103961de2a95"}
}
